#
# There is insufficient memory for the Java Runtime Environment to continue.
# Native memory allocation (malloc) failed to allocate 1172176 bytes for Chunk::new
# Possible reasons:
#   The system is out of physical RAM or swap space
#   The process is running with CompressedOops enabled, and the Java Heap may be blocking the growth of the native heap
# Possible solutions:
#   Reduce memory load on the system
#   Increase physical memory or swap space
#   Check if swap backing store is full
#   Decrease Java heap size (-Xmx/-Xms)
#   Decrease number of Java threads
#   Decrease Java thread stack sizes (-Xss)
#   Set larger code cache with -XX:ReservedCodeCacheSize=
#   JVM is running with Unscaled Compressed Oops mode in which the Java heap is
#     placed in the first 4GB address space. The Java Heap base address is the
#     maximum limit for the native heap growth. Please use -XX:HeapBaseMinAddress
#     to set the Java Heap base and to place the Java Heap above 4GB virtual address.
# This output file may be truncated or incomplete.
#
#  Out of Memory Error (t:/workspace/open/src/hotspot/share/memory/arena.cpp:197), pid=16332, tid=25172
#
# JRE version: OpenJDK Runtime Environment (11.0.2+9) (build 11.0.2+9)
# Java VM: OpenJDK 64-Bit Server VM (11.0.2+9, mixed mode, tiered, compressed oops, g1 gc, windows-amd64)
# No core dump will be written. Minidumps are not enabled by default on client versions of Windows
#

---------------  S U M M A R Y ------------

Command Line: -Xmx512M -XX:MaxPermSize=256m -XX:ReservedCodeCacheSize=128m -Dsbt.log.format=true xsbt.boot.Boot run

Host: Intel(R) Core(TM) i7-8565U CPU @ 1.80GHz, 8 cores, 7G,  Windows 10 , 64 bit Build 19041 (10.0.19041.1023)
Time: Wed Jun 23 20:36:01 2021 GMT ÏÄÁîÊ± elapsed time: 364 seconds (0d 0h 6m 4s)

---------------  T H R E A D  ---------------

Current thread (0x00000221bdafd000):  JavaThread "C2 CompilerThread0" daemon [_thread_in_native, id=25172, stack(0x000000dd1de00000,0x000000dd1df00000)]


Current CompileTask:
C2: 364933 18813       4       com.fasterxml.jackson.core.json.UTF8StreamJsonParser::nextToken (476 bytes)

Stack: [0x000000dd1de00000,0x000000dd1df00000]
Native frames: (J=compiled Java code, j=interpreted, Vv=VM code, C=native code)
V  [jvm.dll+0x63489a]
V  [jvm.dll+0x771f9f]
V  [jvm.dll+0x773648]
V  [jvm.dll+0x773d03]
V  [jvm.dll+0x25eba8]
V  [jvm.dll+0xc2191]
V  [jvm.dll+0xc271c]
V  [jvm.dll+0x36cc47]
V  [jvm.dll+0x339b13]
V  [jvm.dll+0x338eea]
V  [jvm.dll+0x2189c5]
V  [jvm.dll+0x217b6a]
V  [jvm.dll+0x194370]
V  [jvm.dll+0x226b3f]
V  [jvm.dll+0x225148]
V  [jvm.dll+0x73774d]
V  [jvm.dll+0x633942]
C  [ucrtbase.dll+0x21bb2]
C  [KERNEL32.DLL+0x17034]
C  [ntdll.dll+0x52651]


---------------  P R O C E S S  ---------------

Threads class SMR info:
_java_thread_list=0x00000221ccb224c0, length=51, elements={
0x00000221a910f000, 0x00000221bdacd000, 0x00000221bdace000, 0x00000221be383000,
0x00000221bdafc000, 0x00000221bdafd000, 0x00000221bdb00000, 0x00000221bdb03000,
0x00000221be4d2000, 0x00000221be4df000, 0x00000221c4116800, 0x00000221c2831800,
0x00000221c2832000, 0x00000221c2b72000, 0x00000221bf92f000, 0x00000221bf930000,
0x00000221bf935800, 0x00000221bf92c000, 0x00000221bf931800, 0x00000221bf93a800,
0x00000221bf934800, 0x00000221c31b5800, 0x00000221c31b6800, 0x00000221c31ba000,
0x00000221c31bb800, 0x00000221c8e3c800, 0x00000221c8e40800, 0x00000221c8e41000,
0x00000221c8e42000, 0x00000221c8e3f000, 0x00000221c6b00800, 0x00000221c6b01800,
0x00000221c6b03000, 0x00000221c6afd800, 0x00000221c6b06800, 0x00000221c6b05800,
0x00000221c6afb800, 0x00000221c6afa000, 0x00000221c6b07000, 0x00000221c6b04000,
0x00000221c6b04800, 0x00000221c6b08800, 0x00000221c4636000, 0x00000221c463b000,
0x00000221c4637800, 0x00000221c4639800, 0x00000221c4637000, 0x00000221c4640000,
0x00000221c463c800, 0x00000221c463c000, 0x00000221c8e43800
}

Java Threads: ( => current thread )
  0x00000221a910f000 JavaThread "main" [_thread_blocked, id=9484, stack(0x000000dd1d300000,0x000000dd1d400000)]
  0x00000221bdacd000 JavaThread "Reference Handler" daemon [_thread_blocked, id=17928, stack(0x000000dd1da00000,0x000000dd1db00000)]
  0x00000221bdace000 JavaThread "Finalizer" daemon [_thread_blocked, id=29024, stack(0x000000dd1db00000,0x000000dd1dc00000)]
  0x00000221be383000 JavaThread "Signal Dispatcher" daemon [_thread_blocked, id=804, stack(0x000000dd1dc00000,0x000000dd1dd00000)]
  0x00000221bdafc000 JavaThread "Attach Listener" daemon [_thread_blocked, id=10380, stack(0x000000dd1dd00000,0x000000dd1de00000)]
=>0x00000221bdafd000 JavaThread "C2 CompilerThread0" daemon [_thread_in_native, id=25172, stack(0x000000dd1de00000,0x000000dd1df00000)]
  0x00000221bdb00000 JavaThread "C1 CompilerThread0" daemon [_thread_blocked, id=25336, stack(0x000000dd1df00000,0x000000dd1e000000)]
  0x00000221bdb03000 JavaThread "Sweeper thread" daemon [_thread_blocked, id=11032, stack(0x000000dd1e000000,0x000000dd1e100000)]
  0x00000221be4d2000 JavaThread "Service Thread" daemon [_thread_blocked, id=10752, stack(0x000000dd1e100000,0x000000dd1e200000)]
  0x00000221be4df000 JavaThread "Common-Cleaner" daemon [_thread_blocked, id=15988, stack(0x000000dd1e300000,0x000000dd1e400000)]
  0x00000221c4116800 JavaThread "classloader-cache-cleanup-0" daemon [_thread_blocked, id=29116, stack(0x000000dd1e600000,0x000000dd1e700000)]
  0x00000221c2831800 JavaThread "scala-execution-context-global-20" daemon [_thread_blocked, id=14080, stack(0x000000dd1e900000,0x000000dd1ea00000)]
  0x00000221c2832000 JavaThread "scala-execution-context-global-21" daemon [_thread_blocked, id=29568, stack(0x000000dd1ea00000,0x000000dd1eb00000)]
  0x00000221c2b72000 JavaThread "scala-execution-context-global-23" daemon [_thread_blocked, id=12440, stack(0x000000dd1ec00000,0x000000dd1ed00000)]
  0x00000221bf92f000 JavaThread "sbt-web-scheduler-1" [_thread_blocked, id=28164, stack(0x000000dd1f300000,0x000000dd1f400000)]
  0x00000221bf930000 JavaThread "sbt-web-akka.actor.default-dispatcher-4" [_thread_blocked, id=26740, stack(0x000000dd1f600000,0x000000dd1f700000)]
  0x00000221bf935800 JavaThread "ForkJoinPool.commonPool-worker-3" daemon [_thread_blocked, id=19560, stack(0x000000dd1fb00000,0x000000dd1fc00000)]
  0x00000221bf92c000 JavaThread "pool-10-thread-1" [_thread_blocked, id=23136, stack(0x000000dd1f700000,0x000000dd1f800000)]
  0x00000221bf931800 JavaThread "task-progress-report-thread" daemon [_thread_blocked, id=8280, stack(0x000000dd1fd00000,0x000000dd1fe00000)]
  0x00000221bf93a800 JavaThread "FileSystemWatchService" daemon [_thread_in_native, id=19148, stack(0x000000dd20700000,0x000000dd20800000)]
  0x00000221bf934800 JavaThread "play-watch-service" daemon [_thread_blocked, id=21060, stack(0x000000dd1f000000,0x000000dd1f100000)]
  0x00000221c31b5800 JavaThread "reloader-timer" daemon [_thread_blocked, id=24112, stack(0x000000dd1f100000,0x000000dd1f200000)]
  0x00000221c31b6800 JavaThread "play-dev-mode-scheduler-1" [_thread_blocked, id=25576, stack(0x000000dd20a00000,0x000000dd20b00000)]
  0x00000221c31ba000 JavaThread "play-dev-mode-akka.actor.internal-dispatcher-2" [_thread_blocked, id=6152, stack(0x000000dd20b00000,0x000000dd20c00000)]
  0x00000221c31bb800 JavaThread "play-dev-mode-akka.actor.internal-dispatcher-3" [_thread_blocked, id=20620, stack(0x000000dd20c00000,0x000000dd20d00000)]
  0x00000221c8e3c800 JavaThread "play-dev-mode-akka.actor.default-dispatcher-4" [_thread_blocked, id=27248, stack(0x000000dd20d00000,0x000000dd20e00000)]
  0x00000221c8e40800 JavaThread "play-dev-mode-akka.actor.internal-dispatcher-5" [_thread_blocked, id=27428, stack(0x000000dd20800000,0x000000dd20900000)]
  0x00000221c8e41000 JavaThread "play-dev-mode-akka.actor.default-dispatcher-6" [_thread_blocked, id=22088, stack(0x000000dd20900000,0x000000dd20a00000)]
  0x00000221c8e42000 JavaThread "play-dev-mode-akka.io.pinned-dispatcher-7" [_thread_in_native, id=18064, stack(0x000000dd20e00000,0x000000dd20f00000)]
  0x00000221c8e3f000 JavaThread "play-dev-mode-akka.actor.default-dispatcher-8" [_thread_blocked, id=20272, stack(0x000000dd21100000,0x000000dd21200000)]
  0x00000221c6b00800 JavaThread "application-scheduler-1" [_thread_blocked, id=4440, stack(0x000000dd21400000,0x000000dd21500000)]
  0x00000221c6b01800 JavaThread "application-akka.actor.internal-dispatcher-4" [_thread_blocked, id=2148, stack(0x000000dd21700000,0x000000dd21800000)]
  0x00000221c6b03000 JavaThread "application-akka.actor.default-dispatcher-6" [_thread_blocked, id=16772, stack(0x000000dd21900000,0x000000dd21a00000)]
  0x00000221c6afd800 JavaThread "play-dev-mode-akka.actor.default-dispatcher-9" [_thread_blocked, id=2328, stack(0x000000dd21a00000,0x000000dd21b00000)]
  0x00000221c6b06800 JavaThread "play-dev-mode-akka.actor.default-dispatcher-10" [_thread_blocked, id=26356, stack(0x000000dd21b00000,0x000000dd21c00000)]
  0x00000221c6b05800 JavaThread "com.google.common.base.internal.Finalizer" daemon [_thread_blocked, id=22400, stack(0x000000dd21c00000,0x000000dd21d00000)]
  0x00000221c6afb800 JavaThread "application-akka.actor.default-dispatcher-7" [_thread_blocked, id=25744, stack(0x000000dd21200000,0x000000dd21300000)]
  0x00000221c6afa000 JavaThread "application-akka.actor.default-dispatcher-8" [_thread_blocked, id=22508, stack(0x000000dd21300000,0x000000dd21400000)]
  0x00000221c6b07000 JavaThread "application-akka.actor.default-dispatcher-9" [_thread_blocked, id=27328, stack(0x000000dd21d00000,0x000000dd21e00000)]
  0x00000221c6b04000 JavaThread "application-akka.actor.default-dispatcher-10" [_thread_blocked, id=22100, stack(0x000000dd21e00000,0x000000dd21f00000)]
  0x00000221c6b04800 JavaThread "application-akka.actor.default-dispatcher-11" [_thread_blocked, id=29416, stack(0x000000dd21f00000,0x000000dd22000000)]
  0x00000221c6b08800 JavaThread "application-akka.actor.default-dispatcher-12" [_thread_blocked, id=13520, stack(0x000000dd22000000,0x000000dd22100000)]
  0x00000221c4636000 JavaThread "play-dev-mode-akka.actor.internal-dispatcher-20" [_thread_blocked, id=9856, stack(0x000000dd22b00000,0x000000dd22c00000)]
  0x00000221c463b000 JavaThread "play-dev-mode-akka.actor.default-dispatcher-21" [_thread_blocked, id=23064, stack(0x000000dd22c00000,0x000000dd22d00000)]
  0x00000221c4637800 JavaThread "play-dev-mode-akka.actor.default-dispatcher-22" [_thread_blocked, id=29408, stack(0x000000dd22d00000,0x000000dd22e00000)]
  0x00000221c4639800 JavaThread "play-dev-mode-akka.actor.default-dispatcher-23" [_thread_blocked, id=24488, stack(0x000000dd22e00000,0x000000dd22f00000)]
  0x00000221c4637000 JavaThread "play-dev-mode-akka.actor.internal-dispatcher-25" [_thread_blocked, id=9996, stack(0x000000dd23000000,0x000000dd23100000)]
  0x00000221c4640000 JavaThread "application-akka.actor.default-dispatcher-13" [_thread_blocked, id=28188, stack(0x000000dd23700000,0x000000dd23800000)]
  0x00000221c463c800 JavaThread "play-dev-mode-akka.actor.internal-dispatcher-32" [_thread_blocked, id=26076, stack(0x000000dd22100000,0x000000dd22200000)]
  0x00000221c463c000 JavaThread "play-dev-mode-akka.actor.internal-dispatcher-33" [_thread_blocked, id=10360, stack(0x000000dd22200000,0x000000dd22300000)]
  0x00000221c8e43800 JavaThread "play-dev-mode-akka.actor.internal-dispatcher-50" [_thread_blocked, id=26460, stack(0x000000dd23b00000,0x000000dd23c00000)]

Other Threads:
  0x00000221bdac9800 VMThread "VM Thread" [stack: 0x000000dd1d900000,0x000000dd1da00000] [id=14012]
  0x00000221be4d2800 WatcherThread [stack: 0x000000dd1e200000,0x000000dd1e300000] [id=11792]
  0x00000221a912b000 GCTaskThread "GC Thread#0" [stack: 0x000000dd1d400000,0x000000dd1d500000] [id=25708]
  0x00000221bec53800 GCTaskThread "GC Thread#1" [stack: 0x000000dd1e400000,0x000000dd1e500000] [id=21140]
  0x00000221bec54000 GCTaskThread "GC Thread#2" [stack: 0x000000dd1e500000,0x000000dd1e600000] [id=22568]
  0x00000221c610f000 GCTaskThread "GC Thread#3" [stack: 0x000000dd1fe00000,0x000000dd1ff00000] [id=16780]
  0x00000221c2ac4000 GCTaskThread "GC Thread#4" [stack: 0x000000dd1ff00000,0x000000dd20000000] [id=18412]
  0x00000221c2ac4800 GCTaskThread "GC Thread#5" [stack: 0x000000dd20000000,0x000000dd20100000] [id=16364]
  0x00000221c2ac5800 GCTaskThread "GC Thread#6" [stack: 0x000000dd20100000,0x000000dd20200000] [id=16212]
  0x00000221c2ac6000 GCTaskThread "GC Thread#7" [stack: 0x000000dd20200000,0x000000dd20300000] [id=2868]
  0x00000221a9146000 ConcurrentGCThread "G1 Main Marker" [stack: 0x000000dd1d500000,0x000000dd1d600000] [id=27440]
  0x00000221a9147800 ConcurrentGCThread "G1 Conc#0" [stack: 0x000000dd1d600000,0x000000dd1d700000] [id=12504]
  0x00000221be9cb800 ConcurrentGCThread "G1 Conc#1" [stack: 0x000000dd1e700000,0x000000dd1e800000] [id=21028]
  0x00000221a91d3000 ConcurrentGCThread "G1 Refine#0" [stack: 0x000000dd1d700000,0x000000dd1d800000] [id=12944]
  0x00000221c41b5000 ConcurrentGCThread "G1 Refine#1" [stack: 0x000000dd1f200000,0x000000dd1f300000] [id=26796]
  0x00000221a91d4000 ConcurrentGCThread "G1 Young RemSet Sampling" [stack: 0x000000dd1d800000,0x000000dd1d900000] [id=548]

Threads with active compile tasks:
C2 CompilerThread018813       4       com.fasterxml.jackson.core.json.UTF8StreamJsonParser::nextToken (476 bytes)

VM state:not at safepoint (normal execution)

VM Mutex/Monitor currently owned by a thread: None

Heap address: 0x00000000e0000000, size: 512 MB, Compressed Oops mode: 32-bit
Narrow klass base: 0x0000000000000000, Narrow klass shift: 3
Compressed class space size: 1073741824 Address: 0x0000000100000000

Heap:
 garbage-first heap   total 129024K, used 79866K [0x00000000e0000000, 0x0000000100000000)
  region size 1024K, 14 young (14336K), 3 survivors (3072K)
 Metaspace       used 163996K, capacity 174074K, committed 174252K, reserved 1193984K
  class space    used 24334K, capacity 29545K, committed 29568K, reserved 1048576K
Heap Regions: E=young(eden), S=young(survivor), O=old, HS=humongous(starts), HC=humongous(continues), CS=collection set, F=free, A=archive, TAMS=top-at-mark-start (previous, next)
|   0|0x00000000e0000000, 0x00000000e0100000, 0x00000000e0100000|100%| O|  |TAMS 0x00000000e0100000, 0x00000000e0000000| Untracked 
|   1|0x00000000e0100000, 0x00000000e0200000, 0x00000000e0200000|100%| O|  |TAMS 0x00000000e0200000, 0x00000000e0100000| Untracked 
|   2|0x00000000e0200000, 0x00000000e0300000, 0x00000000e0300000|100%| O|  |TAMS 0x00000000e0300000, 0x00000000e0200000| Untracked 
|   3|0x00000000e0300000, 0x00000000e0400000, 0x00000000e0400000|100%| O|  |TAMS 0x00000000e0400000, 0x00000000e0300000| Untracked 
|   4|0x00000000e0400000, 0x00000000e0500000, 0x00000000e0500000|100%| O|  |TAMS 0x00000000e0400000, 0x00000000e0400000| Untracked 
|   5|0x00000000e0500000, 0x00000000e0600000, 0x00000000e0600000|100%| O|  |TAMS 0x00000000e0600000, 0x00000000e0500000| Untracked 
|   6|0x00000000e0600000, 0x00000000e0700000, 0x00000000e0700000|100%| O|  |TAMS 0x00000000e0700000, 0x00000000e0600000| Untracked 
|   7|0x00000000e0700000, 0x00000000e0800000, 0x00000000e0800000|100%| O|  |TAMS 0x00000000e0800000, 0x00000000e0700000| Untracked 
|   8|0x00000000e0800000, 0x00000000e0900000, 0x00000000e0900000|100%| O|  |TAMS 0x00000000e0900000, 0x00000000e0800000| Untracked 
|   9|0x00000000e0900000, 0x00000000e0a00000, 0x00000000e0a00000|100%| O|  |TAMS 0x00000000e0a00000, 0x00000000e0900000| Untracked 
|  10|0x00000000e0a00000, 0x00000000e0b00000, 0x00000000e0b00000|100%| O|  |TAMS 0x00000000e0b00000, 0x00000000e0a00000| Untracked 
|  11|0x00000000e0b00000, 0x00000000e0c00000, 0x00000000e0c00000|100%| O|  |TAMS 0x00000000e0c00000, 0x00000000e0b00000| Untracked 
|  12|0x00000000e0c00000, 0x00000000e0d00000, 0x00000000e0d00000|100%| O|  |TAMS 0x00000000e0d00000, 0x00000000e0c00000| Untracked 
|  13|0x00000000e0d00000, 0x00000000e0e00000, 0x00000000e0e00000|100%| O|  |TAMS 0x00000000e0e00000, 0x00000000e0d00000| Untracked 
|  14|0x00000000e0e00000, 0x00000000e0f00000, 0x00000000e0f00000|100%| O|  |TAMS 0x00000000e0f00000, 0x00000000e0e00000| Untracked 
|  15|0x00000000e0f00000, 0x00000000e1000000, 0x00000000e1000000|100%| O|  |TAMS 0x00000000e1000000, 0x00000000e0f00000| Untracked 
|  16|0x00000000e1000000, 0x00000000e1100000, 0x00000000e1100000|100%| O|  |TAMS 0x00000000e1100000, 0x00000000e1000000| Untracked 
|  17|0x00000000e1100000, 0x00000000e1200000, 0x00000000e1200000|100%| O|  |TAMS 0x00000000e1200000, 0x00000000e1100000| Untracked 
|  18|0x00000000e1200000, 0x00000000e1300000, 0x00000000e1300000|100%| O|  |TAMS 0x00000000e1300000, 0x00000000e1200000| Untracked 
|  19|0x00000000e1300000, 0x00000000e1400000, 0x00000000e1400000|100%| O|  |TAMS 0x00000000e1400000, 0x00000000e1300000| Untracked 
|  20|0x00000000e1400000, 0x00000000e1500000, 0x00000000e1500000|100%| O|  |TAMS 0x00000000e1500000, 0x00000000e1400000| Untracked 
|  21|0x00000000e1500000, 0x00000000e1600000, 0x00000000e1600000|100%| O|  |TAMS 0x00000000e1600000, 0x00000000e1500000| Untracked 
|  22|0x00000000e1600000, 0x00000000e1700000, 0x00000000e1700000|100%| O|  |TAMS 0x00000000e1700000, 0x00000000e1600000| Untracked 
|  23|0x00000000e1700000, 0x00000000e1800000, 0x00000000e1800000|100%| O|  |TAMS 0x00000000e1800000, 0x00000000e1700000| Untracked 
|  24|0x00000000e1800000, 0x00000000e1900000, 0x00000000e1900000|100%| O|  |TAMS 0x00000000e1900000, 0x00000000e1800000| Untracked 
|  25|0x00000000e1900000, 0x00000000e1a00000, 0x00000000e1a00000|100%| O|  |TAMS 0x00000000e1a00000, 0x00000000e1900000| Untracked 
|  26|0x00000000e1a00000, 0x00000000e1b00000, 0x00000000e1b00000|100%| O|  |TAMS 0x00000000e1b00000, 0x00000000e1a00000| Untracked 
|  27|0x00000000e1b00000, 0x00000000e1c00000, 0x00000000e1c00000|100%| O|  |TAMS 0x00000000e1c00000, 0x00000000e1b00000| Untracked 
|  28|0x00000000e1c00000, 0x00000000e1d00000, 0x00000000e1d00000|100%| O|  |TAMS 0x00000000e1d00000, 0x00000000e1c00000| Untracked 
|  29|0x00000000e1d00000, 0x00000000e1e00000, 0x00000000e1e00000|100%| O|  |TAMS 0x00000000e1e00000, 0x00000000e1d00000| Untracked 
|  30|0x00000000e1e00000, 0x00000000e1f00000, 0x00000000e1f00000|100%| O|  |TAMS 0x00000000e1f00000, 0x00000000e1e00000| Untracked 
|  31|0x00000000e1f00000, 0x00000000e2000000, 0x00000000e2000000|100%| O|  |TAMS 0x00000000e2000000, 0x00000000e1f00000| Untracked 
|  32|0x00000000e2000000, 0x00000000e2100000, 0x00000000e2100000|100%| O|  |TAMS 0x00000000e2100000, 0x00000000e2000000| Untracked 
|  33|0x00000000e2100000, 0x00000000e2200000, 0x00000000e2200000|100%| O|  |TAMS 0x00000000e2200000, 0x00000000e2100000| Untracked 
|  34|0x00000000e2200000, 0x00000000e2300000, 0x00000000e2300000|100%| O|  |TAMS 0x00000000e2300000, 0x00000000e2200000| Untracked 
|  35|0x00000000e2300000, 0x00000000e2400000, 0x00000000e2400000|100%| O|  |TAMS 0x00000000e2400000, 0x00000000e2300000| Untracked 
|  36|0x00000000e2400000, 0x00000000e2500000, 0x00000000e2500000|100%| O|  |TAMS 0x00000000e2500000, 0x00000000e2400000| Untracked 
|  37|0x00000000e2500000, 0x00000000e2500000, 0x00000000e2600000|  0%| F|  |TAMS 0x00000000e2500000, 0x00000000e2500000| Untracked 
|  38|0x00000000e2600000, 0x00000000e2700000, 0x00000000e2700000|100%| O|  |TAMS 0x00000000e2700000, 0x00000000e2600000| Untracked 
|  39|0x00000000e2700000, 0x00000000e2800000, 0x00000000e2800000|100%| O|  |TAMS 0x00000000e2800000, 0x00000000e2700000| Untracked 
|  40|0x00000000e2800000, 0x00000000e2900000, 0x00000000e2900000|100%| O|  |TAMS 0x00000000e2900000, 0x00000000e2800000| Untracked 
|  41|0x00000000e2900000, 0x00000000e2a00000, 0x00000000e2a00000|100%| O|  |TAMS 0x00000000e2a00000, 0x00000000e2900000| Untracked 
|  42|0x00000000e2a00000, 0x00000000e2b00000, 0x00000000e2b00000|100%| O|  |TAMS 0x00000000e2b00000, 0x00000000e2a00000| Untracked 
|  43|0x00000000e2b00000, 0x00000000e2c00000, 0x00000000e2c00000|100%| O|  |TAMS 0x00000000e2c00000, 0x00000000e2b00000| Untracked 
|  44|0x00000000e2c00000, 0x00000000e2d00000, 0x00000000e2d00000|100%| O|  |TAMS 0x00000000e2d00000, 0x00000000e2c00000| Untracked 
|  45|0x00000000e2d00000, 0x00000000e2e00000, 0x00000000e2e00000|100%| O|  |TAMS 0x00000000e2e00000, 0x00000000e2d00000| Untracked 
|  46|0x00000000e2e00000, 0x00000000e2f00000, 0x00000000e2f00000|100%| O|  |TAMS 0x00000000e2f00000, 0x00000000e2e00000| Untracked 
|  47|0x00000000e2f00000, 0x00000000e3000000, 0x00000000e3000000|100%| O|  |TAMS 0x00000000e3000000, 0x00000000e2f00000| Untracked 
|  48|0x00000000e3000000, 0x00000000e3100000, 0x00000000e3100000|100%| O|  |TAMS 0x00000000e3100000, 0x00000000e3000000| Untracked 
|  49|0x00000000e3100000, 0x00000000e3200000, 0x00000000e3200000|100%| O|  |TAMS 0x00000000e3200000, 0x00000000e3100000| Untracked 
|  50|0x00000000e3200000, 0x00000000e3300000, 0x00000000e3300000|100%| O|  |TAMS 0x00000000e3300000, 0x00000000e3200000| Untracked 
|  51|0x00000000e3300000, 0x00000000e3400000, 0x00000000e3400000|100%| O|  |TAMS 0x00000000e3400000, 0x00000000e3300000| Untracked 
|  52|0x00000000e3400000, 0x00000000e3500000, 0x00000000e3500000|100%| O|  |TAMS 0x00000000e3400000, 0x00000000e3400000| Untracked 
|  53|0x00000000e3500000, 0x00000000e3600000, 0x00000000e3600000|100%| O|  |TAMS 0x00000000e3500000, 0x00000000e3500000| Untracked 
|  54|0x00000000e3600000, 0x00000000e3700000, 0x00000000e3700000|100%| O|  |TAMS 0x00000000e3600000, 0x00000000e3600000| Untracked 
|  55|0x00000000e3700000, 0x00000000e3800000, 0x00000000e3800000|100%| O|  |TAMS 0x00000000e3800000, 0x00000000e3700000| Untracked 
|  56|0x00000000e3800000, 0x00000000e3900000, 0x00000000e3900000|100%| O|  |TAMS 0x00000000e3900000, 0x00000000e3800000| Untracked 
|  57|0x00000000e3900000, 0x00000000e3a00000, 0x00000000e3a00000|100%| O|  |TAMS 0x00000000e3a00000, 0x00000000e3900000| Untracked 
|  58|0x00000000e3a00000, 0x00000000e3b00000, 0x00000000e3b00000|100%| O|  |TAMS 0x00000000e3b00000, 0x00000000e3a00000| Untracked 
|  59|0x00000000e3b00000, 0x00000000e3bbba00, 0x00000000e3c00000| 73%| O|  |TAMS 0x00000000e3b00000, 0x00000000e3b00000| Untracked 
|  60|0x00000000e3c00000, 0x00000000e3d00000, 0x00000000e3d00000|100%| O|  |TAMS 0x00000000e3d00000, 0x00000000e3c00000| Untracked 
|  61|0x00000000e3d00000, 0x00000000e3e00000, 0x00000000e3e00000|100%| O|  |TAMS 0x00000000e3e00000, 0x00000000e3d00000| Untracked 
|  62|0x00000000e3e00000, 0x00000000e3f00000, 0x00000000e3f00000|100%| O|  |TAMS 0x00000000e3ed8000, 0x00000000e3e00000| Untracked 
|  63|0x00000000e3f00000, 0x00000000e4000000, 0x00000000e4000000|100%| O|  |TAMS 0x00000000e4000000, 0x00000000e3f00000| Untracked 
|  64|0x00000000e4000000, 0x00000000e4000000, 0x00000000e4100000|  0%| F|  |TAMS 0x00000000e4000000, 0x00000000e4000000| Untracked 
|  65|0x00000000e4100000, 0x00000000e4200000, 0x00000000e4200000|100%| O|  |TAMS 0x00000000e4200000, 0x00000000e4100000| Untracked 
|  66|0x00000000e4200000, 0x00000000e4300000, 0x00000000e4300000|100%| O|  |TAMS 0x00000000e4300000, 0x00000000e4200000| Untracked 
|  67|0x00000000e4300000, 0x00000000e4400000, 0x00000000e4400000|100%| O|  |TAMS 0x00000000e4400000, 0x00000000e4300000| Untracked 
|  68|0x00000000e4400000, 0x00000000e4400000, 0x00000000e4500000|  0%| F|  |TAMS 0x00000000e4400000, 0x00000000e4400000| Untracked 
|  69|0x00000000e4500000, 0x00000000e4500000, 0x00000000e4600000|  0%| F|  |TAMS 0x00000000e4500000, 0x00000000e4500000| Untracked 
|  70|0x00000000e4600000, 0x00000000e4600000, 0x00000000e4700000|  0%| F|  |TAMS 0x00000000e4600000, 0x00000000e4600000| Untracked 
|  71|0x00000000e4700000, 0x00000000e4700000, 0x00000000e4800000|  0%| F|  |TAMS 0x00000000e4700000, 0x00000000e4700000| Untracked 
|  72|0x00000000e4800000, 0x00000000e4800000, 0x00000000e4900000|  0%| F|  |TAMS 0x00000000e4800000, 0x00000000e4800000| Untracked 
|  73|0x00000000e4900000, 0x00000000e4900000, 0x00000000e4a00000|  0%| F|  |TAMS 0x00000000e4900000, 0x00000000e4900000| Untracked 
|  74|0x00000000e4a00000, 0x00000000e4a00000, 0x00000000e4b00000|  0%| F|  |TAMS 0x00000000e4a00000, 0x00000000e4a00000| Untracked 
|  75|0x00000000e4b00000, 0x00000000e4b00000, 0x00000000e4c00000|  0%| F|  |TAMS 0x00000000e4b00000, 0x00000000e4b00000| Untracked 
|  76|0x00000000e4c00000, 0x00000000e4c00000, 0x00000000e4d00000|  0%| F|  |TAMS 0x00000000e4c00000, 0x00000000e4c00000| Untracked 
|  77|0x00000000e4d00000, 0x00000000e4d00000, 0x00000000e4e00000|  0%| F|  |TAMS 0x00000000e4d00000, 0x00000000e4d00000| Untracked 
|  78|0x00000000e4e00000, 0x00000000e4e00000, 0x00000000e4f00000|  0%| F|  |TAMS 0x00000000e4e00000, 0x00000000e4e00000| Untracked 
|  79|0x00000000e4f00000, 0x00000000e4f00000, 0x00000000e5000000|  0%| F|  |TAMS 0x00000000e4f00000, 0x00000000e4f00000| Untracked 
|  80|0x00000000e5000000, 0x00000000e5042e40, 0x00000000e5100000| 26%| S|CS|TAMS 0x00000000e5000000, 0x00000000e5000000| Complete 
|  81|0x00000000e5100000, 0x00000000e5200000, 0x00000000e5200000|100%| S|CS|TAMS 0x00000000e5100000, 0x00000000e5100000| Complete 
|  82|0x00000000e5200000, 0x00000000e5300000, 0x00000000e5300000|100%| S|CS|TAMS 0x00000000e5200000, 0x00000000e5200000| Complete 
|  83|0x00000000e5300000, 0x00000000e5300000, 0x00000000e5400000|  0%| F|  |TAMS 0x00000000e5300000, 0x00000000e5300000| Untracked 
|  84|0x00000000e5400000, 0x00000000e5400000, 0x00000000e5500000|  0%| F|  |TAMS 0x00000000e5400000, 0x00000000e5400000| Untracked 
|  85|0x00000000e5500000, 0x00000000e5500000, 0x00000000e5600000|  0%| F|  |TAMS 0x00000000e5500000, 0x00000000e5500000| Untracked 
|  86|0x00000000e5600000, 0x00000000e5600000, 0x00000000e5700000|  0%| F|  |TAMS 0x00000000e5600000, 0x00000000e5600000| Untracked 
|  87|0x00000000e5700000, 0x00000000e5700000, 0x00000000e5800000|  0%| F|  |TAMS 0x00000000e5700000, 0x00000000e5700000| Untracked 
|  88|0x00000000e5800000, 0x00000000e5800000, 0x00000000e5900000|  0%| F|  |TAMS 0x00000000e5800000, 0x00000000e5800000| Untracked 
|  89|0x00000000e5900000, 0x00000000e5900000, 0x00000000e5a00000|  0%| F|  |TAMS 0x00000000e5900000, 0x00000000e5900000| Untracked 
|  90|0x00000000e5a00000, 0x00000000e5a00000, 0x00000000e5b00000|  0%| F|  |TAMS 0x00000000e5a00000, 0x00000000e5a00000| Untracked 
|  91|0x00000000e5b00000, 0x00000000e5b00000, 0x00000000e5c00000|  0%| F|  |TAMS 0x00000000e5b00000, 0x00000000e5b00000| Untracked 
|  92|0x00000000e5c00000, 0x00000000e5c00000, 0x00000000e5d00000|  0%| F|  |TAMS 0x00000000e5c00000, 0x00000000e5c00000| Untracked 
|  93|0x00000000e5d00000, 0x00000000e5d00000, 0x00000000e5e00000|  0%| F|  |TAMS 0x00000000e5d00000, 0x00000000e5d00000| Untracked 
|  94|0x00000000e5e00000, 0x00000000e5e00000, 0x00000000e5f00000|  0%| F|  |TAMS 0x00000000e5e00000, 0x00000000e5e00000| Untracked 
|  95|0x00000000e5f00000, 0x00000000e5f00000, 0x00000000e6000000|  0%| F|  |TAMS 0x00000000e5f00000, 0x00000000e5f00000| Untracked 
|  96|0x00000000e6000000, 0x00000000e6000000, 0x00000000e6100000|  0%| F|  |TAMS 0x00000000e6000000, 0x00000000e6000000| Untracked 
|  97|0x00000000e6100000, 0x00000000e6100000, 0x00000000e6200000|  0%| F|  |TAMS 0x00000000e6100000, 0x00000000e6100000| Untracked 
|  98|0x00000000e6200000, 0x00000000e6200000, 0x00000000e6300000|  0%| F|  |TAMS 0x00000000e6200000, 0x00000000e6200000| Untracked 
|  99|0x00000000e6300000, 0x00000000e6300000, 0x00000000e6400000|  0%| F|  |TAMS 0x00000000e6300000, 0x00000000e6300000| Untracked 
| 100|0x00000000e6400000, 0x00000000e6400000, 0x00000000e6500000|  0%| F|  |TAMS 0x00000000e6400000, 0x00000000e6400000| Untracked 
| 101|0x00000000e6500000, 0x00000000e6500000, 0x00000000e6600000|  0%| F|  |TAMS 0x00000000e6500000, 0x00000000e6500000| Untracked 
| 102|0x00000000e6600000, 0x00000000e6600000, 0x00000000e6700000|  0%| F|  |TAMS 0x00000000e6600000, 0x00000000e6600000| Untracked 
| 103|0x00000000e6700000, 0x00000000e6700000, 0x00000000e6800000|  0%| F|  |TAMS 0x00000000e6700000, 0x00000000e6700000| Untracked 
| 104|0x00000000e6800000, 0x00000000e6800000, 0x00000000e6900000|  0%| F|  |TAMS 0x00000000e6800000, 0x00000000e6800000| Untracked 
| 105|0x00000000e6900000, 0x00000000e6900000, 0x00000000e6a00000|  0%| F|  |TAMS 0x00000000e6900000, 0x00000000e6900000| Untracked 
| 106|0x00000000e6a00000, 0x00000000e6a00000, 0x00000000e6b00000|  0%| F|  |TAMS 0x00000000e6a00000, 0x00000000e6a00000| Untracked 
| 107|0x00000000e6b00000, 0x00000000e6b00000, 0x00000000e6c00000|  0%| F|  |TAMS 0x00000000e6b00000, 0x00000000e6b00000| Untracked 
| 108|0x00000000e6c00000, 0x00000000e6c00000, 0x00000000e6d00000|  0%| F|  |TAMS 0x00000000e6c00000, 0x00000000e6c00000| Untracked 
| 109|0x00000000e6d00000, 0x00000000e6d00000, 0x00000000e6e00000|  0%| F|  |TAMS 0x00000000e6d00000, 0x00000000e6d00000| Untracked 
| 110|0x00000000e6e00000, 0x00000000e6e00000, 0x00000000e6f00000|  0%| F|  |TAMS 0x00000000e6e00000, 0x00000000e6e00000| Untracked 
| 111|0x00000000e6f00000, 0x00000000e6f00000, 0x00000000e7000000|  0%| F|  |TAMS 0x00000000e6f00000, 0x00000000e6f00000| Untracked 
| 112|0x00000000e7000000, 0x00000000e7000000, 0x00000000e7100000|  0%| F|  |TAMS 0x00000000e7000000, 0x00000000e7000000| Untracked 
| 113|0x00000000e7100000, 0x00000000e7100000, 0x00000000e7200000|  0%| F|  |TAMS 0x00000000e7100000, 0x00000000e7100000| Untracked 
| 114|0x00000000e7200000, 0x00000000e7200000, 0x00000000e7300000|  0%| F|  |TAMS 0x00000000e7200000, 0x00000000e7200000| Untracked 
| 115|0x00000000e7300000, 0x00000000e736f560, 0x00000000e7400000| 43%| E|  |TAMS 0x00000000e7300000, 0x00000000e7300000| Complete 
| 116|0x00000000e7400000, 0x00000000e7500000, 0x00000000e7500000|100%| E|CS|TAMS 0x00000000e7400000, 0x00000000e7400000| Complete 
| 117|0x00000000e7500000, 0x00000000e7600000, 0x00000000e7600000|100%| E|CS|TAMS 0x00000000e7500000, 0x00000000e7500000| Complete 
| 118|0x00000000e7600000, 0x00000000e7700000, 0x00000000e7700000|100%| E|CS|TAMS 0x00000000e7600000, 0x00000000e7600000| Complete 
| 119|0x00000000e7700000, 0x00000000e7800000, 0x00000000e7800000|100%| E|CS|TAMS 0x00000000e7700000, 0x00000000e7700000| Complete 
| 120|0x00000000e7800000, 0x00000000e7900000, 0x00000000e7900000|100%| E|CS|TAMS 0x00000000e7800000, 0x00000000e7800000| Complete 
| 121|0x00000000e7900000, 0x00000000e7a00000, 0x00000000e7a00000|100%| E|CS|TAMS 0x00000000e7900000, 0x00000000e7900000| Complete 
| 122|0x00000000e7a00000, 0x00000000e7b00000, 0x00000000e7b00000|100%| E|CS|TAMS 0x00000000e7a00000, 0x00000000e7a00000| Complete 
| 123|0x00000000e7b00000, 0x00000000e7c00000, 0x00000000e7c00000|100%| E|CS|TAMS 0x00000000e7b00000, 0x00000000e7b00000| Complete 
| 124|0x00000000e7c00000, 0x00000000e7d00000, 0x00000000e7d00000|100%| E|CS|TAMS 0x00000000e7c00000, 0x00000000e7c00000| Complete 
| 125|0x00000000e7d00000, 0x00000000e7e00000, 0x00000000e7e00000|100%| E|CS|TAMS 0x00000000e7d00000, 0x00000000e7d00000| Complete 

Card table byte_map: [0x00000221b9ec0000,0x00000221b9fc0000] _byte_map_base: 0x00000221b97c0000

Marking Bits (Prev, Next): (CMBitMap*) 0x00000221a9143460, (CMBitMap*) 0x00000221a9143428
 Prev Bits: [0x00000221ba8c0000, 0x00000221bb0c0000)
 Next Bits: [0x00000221ba0c0000, 0x00000221ba8c0000)

Polling page: 0x00000221a9020000

Metaspace:

Usage:
  Non-class:    141.14 MB capacity,   136.39 MB ( 97%) used,     3.62 MB (  3%) free+waste,     1.13 MB ( <1%) overhead. 
      Class:     28.85 MB capacity,    23.76 MB ( 82%) used,     4.44 MB ( 15%) free+waste,   660.50 KB (  2%) overhead. 
       Both:    169.99 MB capacity,   160.15 MB ( 94%) used,     8.06 MB (  5%) free+waste,     1.78 MB (  1%) overhead. 

Virtual space:
  Non-class space:      142.00 MB reserved,     141.29 MB (>99%) committed 
      Class space:        1.00 GB reserved,      28.88 MB (  3%) committed 
             Both:        1.14 GB reserved,     170.17 MB ( 15%) committed 

Chunk freelists:
   Non-Class:  3.38 KB
       Class:  0 bytes
        Both:  3.38 KB

CodeCache: size=131072Kb used=44896Kb max_used=44907Kb free=86175Kb
 bounds [0x00000221b1440000, 0x00000221b4040000, 0x00000221b9440000]
 total_blobs=24722 nmethods=16543 adapters=780
 compilation: enabled
              stopped_count=0, restarted_count=0
 full_count=0

Compilation events (10 events):
Event: 358.975 Thread 0x00000221bdafd000 nmethod 18809 0x00000221b4033010 code [0x00000221b4033240, 0x00000221b4033db0]
Event: 358.975 Thread 0x00000221bdafd000 18811       4       akka.dispatch.Dispatcher::dispatch (23 bytes)
Event: 358.986 Thread 0x00000221bdafd000 nmethod 18811 0x00000221b4034610 code [0x00000221b40347e0, 0x00000221b4035068]
Event: 358.986 Thread 0x00000221bdafd000 18810   !   4       akka.actor.dungeon.Dispatch::sendMessage (80 bytes)
Event: 358.988 Thread 0x00000221bdafd000 nmethod 18810 0x00000221b401ac90 code [0x00000221b401ae60, 0x00000221b401b078]
Event: 359.053 Thread 0x00000221bdafd000 18812       4       scala.Tuple2::equals (68 bytes)
Event: 359.057 Thread 0x00000221bdafd000 nmethod 18812 0x00000221b4035590 code [0x00000221b40357e0, 0x00000221b4035d10]
Event: 364.871 Thread 0x00000221bdafd000 18813       4       com.fasterxml.jackson.core.json.UTF8StreamJsonParser::nextToken (476 bytes)
Event: 364.871 Thread 0x00000221bdb00000 18814       3       com.fasterxml.jackson.core.base.ParserMinimalBase::isExpectedStartArrayToken (16 bytes)
Event: 364.871 Thread 0x00000221bdb00000 nmethod 18814 0x00000221b401a890 code [0x00000221b401aa40, 0x00000221b401ac18]

GC Heap History (10 events):
Event: 53.459 GC heap before
{Heap before GC invocations=53 (full 0):
 garbage-first heap   total 129024K, used 109447K [0x00000000e0000000, 0x0000000100000000)
  region size 1024K, 42 young (43008K), 2 survivors (2048K)
 Metaspace       used 162871K, capacity 172760K, committed 172844K, reserved 1193984K
  class space    used 24215K, capacity 29417K, committed 29440K, reserved 1048576K
}
Event: 53.463 GC heap after
{Heap after GC invocations=54 (full 0):
 garbage-first heap   total 129024K, used 68684K [0x00000000e0000000, 0x0000000100000000)
  region size 1024K, 2 young (2048K), 2 survivors (2048K)
 Metaspace       used 162871K, capacity 172760K, committed 172844K, reserved 1193984K
  class space    used 24215K, capacity 29417K, committed 29440K, reserved 1048576K
}
Event: 54.028 GC heap before
{Heap before GC invocations=54 (full 0):
 garbage-first heap   total 129024K, used 109644K [0x00000000e0000000, 0x0000000100000000)
  region size 1024K, 42 young (43008K), 2 survivors (2048K)
 Metaspace       used 163059K, capacity 172974K, committed 173228K, reserved 1193984K
  class space    used 24255K, capacity 29452K, committed 29568K, reserved 1048576K
}
Event: 54.033 GC heap after
{Heap after GC invocations=55 (full 0):
 garbage-first heap   total 129024K, used 68765K [0x00000000e0000000, 0x0000000100000000)
  region size 1024K, 2 young (2048K), 2 survivors (2048K)
 Metaspace       used 163059K, capacity 172974K, committed 173228K, reserved 1193984K
  class space    used 24255K, capacity 29452K, committed 29568K, reserved 1048576K
}
Event: 54.543 GC heap before
{Heap before GC invocations=55 (full 0):
 garbage-first heap   total 129024K, used 109725K [0x00000000e0000000, 0x0000000100000000)
  region size 1024K, 43 young (44032K), 2 survivors (2048K)
 Metaspace       used 163059K, capacity 172974K, committed 173228K, reserved 1193984K
  class space    used 24255K, capacity 29452K, committed 29568K, reserved 1048576K
}
Event: 54.547 GC heap after
{Heap after GC invocations=56 (full 0):
 garbage-first heap   total 129024K, used 68909K [0x00000000e0000000, 0x0000000100000000)
  region size 1024K, 2 young (2048K), 2 survivors (2048K)
 Metaspace       used 163059K, capacity 172974K, committed 173228K, reserved 1193984K
  class space    used 24255K, capacity 29452K, committed 29568K, reserved 1048576K
}
Event: 55.096 GC heap before
{Heap before GC invocations=56 (full 0):
 garbage-first heap   total 129024K, used 109869K [0x00000000e0000000, 0x0000000100000000)
  region size 1024K, 43 young (44032K), 2 survivors (2048K)
 Metaspace       used 163102K, capacity 172978K, committed 173228K, reserved 1193984K
  class space    used 24255K, capacity 29452K, committed 29568K, reserved 1048576K
}
Event: 55.102 GC heap after
{Heap after GC invocations=57 (full 0):
 garbage-first heap   total 129024K, used 69059K [0x00000000e0000000, 0x0000000100000000)
  region size 1024K, 2 young (2048K), 2 survivors (2048K)
 Metaspace       used 163102K, capacity 172978K, committed 173228K, reserved 1193984K
  class space    used 24255K, capacity 29452K, committed 29568K, reserved 1048576K
}
Event: 191.861 GC heap before
{Heap before GC invocations=57 (full 0):
 garbage-first heap   total 129024K, used 110019K [0x00000000e0000000, 0x0000000100000000)
  region size 1024K, 43 young (44032K), 2 survivors (2048K)
 Metaspace       used 163858K, capacity 173882K, committed 173996K, reserved 1193984K
  class space    used 24326K, capacity 29532K, committed 29568K, reserved 1048576K
}
Event: 191.864 GC heap after
{Heap after GC invocations=58 (full 0):
 garbage-first heap   total 129024K, used 69626K [0x00000000e0000000, 0x0000000100000000)
  region size 1024K, 3 young (3072K), 3 survivors (3072K)
 Metaspace       used 163858K, capacity 173882K, committed 173996K, reserved 1193984K
  class space    used 24326K, capacity 29532K, committed 29568K, reserved 1048576K
}

Deoptimization events (10 events):
Event: 122.064 Thread 0x00000221c4637800 Uncommon trap: reason=class_check action=maybe_recompile pc=0x00000221b3e444f4 method=akka.dispatch.UnboundedQueueBasedMessageQueue.enqueue(Lakka/actor/ActorRef;Lakka/dispatch/Envelope;)V @ 7 c2
Event: 122.064 Thread 0x00000221c6afd800 Uncommon trap: reason=class_check action=maybe_recompile pc=0x00000221b3ed68b0 method=akka.dispatch.Mailbox.dequeue()Lakka/dispatch/Envelope; @ 4 c2
Event: 122.064 Thread 0x00000221c6afd800 Uncommon trap: reason=class_check action=maybe_recompile pc=0x00000221b3988838 method=akka.dispatch.UnboundedQueueBasedMessageQueue.dequeue()Lakka/dispatch/Envelope; @ 6 c2
Event: 122.064 Thread 0x00000221c6afd800 Uncommon trap: reason=class_check action=maybe_recompile pc=0x00000221b3988838 method=akka.dispatch.UnboundedQueueBasedMessageQueue.dequeue()Lakka/dispatch/Envelope; @ 6 c2
Event: 122.064 Thread 0x00000221c6afd800 Uncommon trap: reason=class_check action=maybe_recompile pc=0x00000221b3ce1b0c method=akka.dispatch.Mailbox.hasMessages()Z @ 4 c2
Event: 129.660 Thread 0x00000221c6b07000 Uncommon trap: reason=speculate_class_check action=maybe_recompile pc=0x00000221b372990c method=java.lang.invoke.Invokers$Holder.linkToTargetMethod(ILjava/lang/Object;)Ljava/lang/Object; @ 1 c2
Event: 130.660 Thread 0x00000221c6b07000 Uncommon trap: reason=speculate_class_check action=maybe_recompile pc=0x00000221b372990c method=java.lang.invoke.Invokers$Holder.linkToTargetMethod(ILjava/lang/Object;)Ljava/lang/Object; @ 1 c2
Event: 131.662 Thread 0x00000221c6b07000 Uncommon trap: reason=speculate_class_check action=maybe_recompile pc=0x00000221b372990c method=java.lang.invoke.Invokers$Holder.linkToTargetMethod(ILjava/lang/Object;)Ljava/lang/Object; @ 1 c2
Event: 132.663 Thread 0x00000221c6b07000 Uncommon trap: reason=speculate_class_check action=maybe_recompile pc=0x00000221b372990c method=java.lang.invoke.Invokers$Holder.linkToTargetMethod(ILjava/lang/Object;)Ljava/lang/Object; @ 1 c2
Event: 151.696 Thread 0x00000221c6b07000 Uncommon trap: reason=bimorphic_or_optimized_type_check action=maybe_recompile pc=0x00000221b3dae958 method=com.fasterxml.jackson.databind.introspect.BasicClassIntrospector._isStdJDKCollection(Lcom/fasterxml/jackson/databind/JavaType;)Z @ 8 c2

Classes redefined (0 events):
No events

Internal exceptions (10 events):
Event: 47.224 Thread 0x00000221c6afb800 Exception <a 'java/lang/NoSuchMethodError'{0x00000000e678e2d0}: java.lang.invoke.Invokers$Holder.linkToTargetMethod(Ljava/lang/Object;Ljava/lang/Object;ILjava/lang/Object;Ljava/lang/Object;Ljava/lang/Object;)Ljava/lang/Object;> (0x00000000e678e2d0) thrown
Event: 47.964 Thread 0x00000221c6afd800 Exception <a 'java/lang/NoSuchMethodError'{0x00000000e61d6158}: java.lang.invoke.DirectMethodHandle$Holder.invokeVirtual(Ljava/lang/Object;Ljava/lang/Object;Ljava/lang/Object;)Ljava/lang/Object;> (0x00000000e61d6158) thrown at [t:/workspace/open/src/hotsp
Event: 48.000 Thread 0x00000221c6afd800 Exception <a 'java/lang/NoSuchMethodError'{0x00000000e5ff7338}: java.lang.invoke.DirectMethodHandle$Holder.invokeInterface(Ljava/lang/Object;Ljava/lang/Object;Ljava/lang/Object;)Ljava/lang/Object;> (0x00000000e5ff7338) thrown at [t:/workspace/open/src/hot
Event: 53.434 Thread 0x00000221c4640000 Implicit null exception at 0x00000221b3ce4fbb to 0x00000221b3ce923a
Event: 53.436 Thread 0x00000221c6b08800 Implicit null exception at 0x00000221b3ce4fbb to 0x00000221b3ce923a
Event: 53.459 Thread 0x00000221c6b04000 Implicit null exception at 0x00000221b3ba5413 to 0x00000221b3ba906e
Event: 61.576 Thread 0x00000221c6b07000 Implicit null exception at 0x00000221b28f31b7 to 0x00000221b28f399e
Event: 61.576 Thread 0x00000221c6b07000 Implicit null exception at 0x00000221b3177563 to 0x00000221b3177c92
Event: 61.576 Thread 0x00000221c6b07000 Implicit null exception at 0x00000221b262d2d0 to 0x00000221b262d31e
Event: 83.592 Thread 0x00000221c6b07000 Implicit null exception at 0x00000221b2f9b8c6 to 0x00000221b2f9c1aa

Events (10 events):
Event: 278.516 Executing VM operation: RevokeBias
Event: 278.516 Executing VM operation: RevokeBias done
Event: 278.517 Thread 0x00000221c4875800 Thread exited: 0x00000221c4875800
Event: 301.370 Thread 0x00000221bf92c000 DEOPT PACKING pc=0x00000221b3fab867 sp=0x000000dd1f7fdcd0
Event: 301.370 Thread 0x00000221bf92c000 DEOPT UNPACKING pc=0x00000221b1468d4e sp=0x000000dd1f7fd1a8 mode 0
Event: 315.843 loading class com/fasterxml/jackson/core/json/DupDetector
Event: 315.843 loading class com/fasterxml/jackson/core/json/DupDetector done
Event: 338.516 Executing VM operation: RevokeBias
Event: 338.516 Executing VM operation: RevokeBias done
Event: 338.516 Thread 0x00000221c2b71000 Thread exited: 0x00000221c2b71000


Dynamic libraries:
0x00007ff773aa0000 - 0x00007ff773ae5000 	C:\Program Files\Java\jdk-11.0.2\bin\java.exe
0x00007ffcef090000 - 0x00007ffcef285000 	C:\WINDOWS\SYSTEM32\ntdll.dll
0x00007ffcee890000 - 0x00007ffcee94d000 	C:\WINDOWS\System32\KERNEL32.DLL
0x00007ffcec7d0000 - 0x00007ffceca98000 	C:\WINDOWS\System32\KERNELBASE.dll
0x00007ffced610000 - 0x00007ffced7b0000 	C:\WINDOWS\System32\USER32.dll
0x00007ffcecfd0000 - 0x00007ffcecff2000 	C:\WINDOWS\System32\win32u.dll
0x00007ffcef020000 - 0x00007ffcef04a000 	C:\WINDOWS\System32\GDI32.dll
0x00007ffcecec0000 - 0x00007ffcecfcb000 	C:\WINDOWS\System32\gdi32full.dll
0x00007ffcece20000 - 0x00007ffcecebd000 	C:\WINDOWS\System32\msvcp_win.dll
0x00007ffced000000 - 0x00007ffced100000 	C:\WINDOWS\System32\ucrtbase.dll
0x00007ffcd4bc0000 - 0x00007ffcd4e5a000 	C:\WINDOWS\WinSxS\amd64_microsoft.windows.common-controls_6595b64144ccf1df_6.0.19041.1052_none_60b8f8fd71f5e8cb\COMCTL32.dll
0x00007ffced210000 - 0x00007ffced2ae000 	C:\WINDOWS\System32\msvcrt.dll
0x00007ffced7b0000 - 0x00007ffced7e0000 	C:\WINDOWS\System32\IMM32.DLL
0x00007ffcdec80000 - 0x00007ffcdec96000 	C:\Program Files\Java\jdk-11.0.2\bin\vcruntime140.dll
0x00007ffcc4380000 - 0x00007ffcc442a000 	C:\Program Files\Java\jdk-11.0.2\bin\msvcp140.dll
0x00007ffcb2140000 - 0x00007ffcb2c63000 	C:\Program Files\Java\jdk-11.0.2\bin\server\jvm.dll
0x00007ffcee500000 - 0x00007ffcee5ac000 	C:\WINDOWS\System32\ADVAPI32.dll
0x00007ffcedbb0000 - 0x00007ffcedc4b000 	C:\WINDOWS\System32\sechost.dll
0x00007ffced7f0000 - 0x00007ffced91b000 	C:\WINDOWS\System32\RPCRT4.dll
0x00007ffcee3f0000 - 0x00007ffcee3f8000 	C:\WINDOWS\System32\PSAPI.DLL
0x00007ffcd8790000 - 0x00007ffcd8799000 	C:\WINDOWS\SYSTEM32\WSOCK32.dll
0x00007ffcee7c0000 - 0x00007ffcee82b000 	C:\WINDOWS\System32\WS2_32.dll
0x00007ffce2bf0000 - 0x00007ffce2bfa000 	C:\WINDOWS\SYSTEM32\VERSION.dll
0x00007ffcddb70000 - 0x00007ffcddb97000 	C:\WINDOWS\SYSTEM32\WINMM.dll
0x00007ffcea770000 - 0x00007ffcea782000 	C:\WINDOWS\SYSTEM32\kernel.appcore.dll
0x00007ffcdde60000 - 0x00007ffcdde71000 	C:\Program Files\Java\jdk-11.0.2\bin\verify.dll
0x00007ffce81a0000 - 0x00007ffce8384000 	C:\WINDOWS\SYSTEM32\DBGHELP.DLL
0x00007ffce2490000 - 0x00007ffce24bc000 	C:\WINDOWS\SYSTEM32\dbgcore.DLL
0x00007ffcecb80000 - 0x00007ffcecc03000 	C:\WINDOWS\System32\bcryptPrimitives.dll
0x00007ffcd2120000 - 0x00007ffcd2148000 	C:\Program Files\Java\jdk-11.0.2\bin\java.dll
0x00007ffcd8ac0000 - 0x00007ffcd8ad6000 	C:\Program Files\Java\jdk-11.0.2\bin\zip.dll
0x00007ffce5600000 - 0x00007ffce560a000 	C:\Program Files\Java\jdk-11.0.2\bin\jimage.dll
0x00007ffcedc50000 - 0x00007ffcee38f000 	C:\WINDOWS\System32\SHELL32.dll
0x00007ffcea920000 - 0x00007ffceb0b0000 	C:\WINDOWS\SYSTEM32\windows.storage.dll
0x00007ffced2b0000 - 0x00007ffced605000 	C:\WINDOWS\System32\combase.dll
0x00007ffcec170000 - 0x00007ffcec19c000 	C:\WINDOWS\SYSTEM32\Wldp.dll
0x00007ffceeb00000 - 0x00007ffceebae000 	C:\WINDOWS\System32\SHCORE.dll
0x00007ffced100000 - 0x00007ffced155000 	C:\WINDOWS\System32\shlwapi.dll
0x00007ffcec710000 - 0x00007ffcec72f000 	C:\WINDOWS\SYSTEM32\profapi.dll
0x00007ffcd49f0000 - 0x00007ffcd4a09000 	C:\Program Files\Java\jdk-11.0.2\bin\net.dll
0x00007ffce46d0000 - 0x00007ffce47db000 	C:\WINDOWS\SYSTEM32\WINHTTP.dll
0x00007ffce0160000 - 0x00007ffce034c000 	C:\WINDOWS\SYSTEM32\urlmon.dll
0x00007ffcd7d50000 - 0x00007ffcd8000000 	C:\WINDOWS\SYSTEM32\iertutil.dll
0x00007ffcebee0000 - 0x00007ffcebf4a000 	C:\WINDOWS\system32\mswsock.dll
0x00007ffcd4520000 - 0x00007ffcd4533000 	C:\Program Files\Java\jdk-11.0.2\bin\nio.dll
0x00007ffcec0c0000 - 0x00007ffcec0d8000 	C:\WINDOWS\SYSTEM32\CRYPTSP.dll
0x00007ffceb880000 - 0x00007ffceb8b4000 	C:\WINDOWS\system32\rsaenh.dll
0x00007ffcecaa0000 - 0x00007ffcecac7000 	C:\WINDOWS\System32\bcrypt.dll
0x00007ffcec6d0000 - 0x00007ffcec6fe000 	C:\WINDOWS\SYSTEM32\USERENV.dll
0x00007ffcec0b0000 - 0x00007ffcec0bc000 	C:\WINDOWS\SYSTEM32\CRYPTBASE.dll
0x00007ffcebbd0000 - 0x00007ffcebc0b000 	C:\WINDOWS\SYSTEM32\IPHLPAPI.DLL
0x00007ffced7e0000 - 0x00007ffced7e8000 	C:\WINDOWS\System32\NSI.dll
0x00007ffce3670000 - 0x00007ffce3687000 	C:\WINDOWS\SYSTEM32\dhcpcsvc6.DLL
0x00007ffce3850000 - 0x00007ffce386d000 	C:\WINDOWS\SYSTEM32\dhcpcsvc.DLL
0x00007ffcebc10000 - 0x00007ffcebcdc000 	C:\WINDOWS\SYSTEM32\DNSAPI.dll
0x00007ffce4f80000 - 0x00007ffce4f8a000 	C:\Users\lll\AppData\Local\Temp\jansi-64-1-7064164291344299828.11
0x00007ffce2400000 - 0x00007ffce2409000 	C:\Program Files\Java\jdk-11.0.2\bin\management.dll
0x00007ffce2340000 - 0x00007ffce234c000 	C:\Program Files\Java\jdk-11.0.2\bin\management_ext.dll
0x00007ffccd850000 - 0x00007ffccd867000 	C:\WINDOWS\system32\napinsp.dll
0x00007ffccd830000 - 0x00007ffccd84b000 	C:\WINDOWS\system32\pnrpnsp.dll
0x00007ffce74d0000 - 0x00007ffce74e5000 	C:\WINDOWS\system32\wshbth.dll
0x00007ffce5fd0000 - 0x00007ffce5fed000 	C:\WINDOWS\system32\NLAapi.dll
0x00007ffccd810000 - 0x00007ffccd822000 	C:\WINDOWS\System32\winrnr.dll
0x00007ffce3870000 - 0x00007ffce387a000 	C:\Windows\System32\rasadhlp.dll
0x00007ffce0470000 - 0x00007ffce04ef000 	C:\WINDOWS\System32\fwpuclnt.dll
0x00007ffcd20f0000 - 0x00007ffcd2117000 	C:\Program Files\Java\jdk-11.0.2\bin\sunec.dll
0x00007ffce1b80000 - 0x00007ffce1b8d000 	C:\Program Files\Java\jdk-11.0.2\bin\sunmscapi.dll
0x00007ffcecc60000 - 0x00007ffcecdbf000 	C:\WINDOWS\System32\CRYPT32.dll
0x00007ffcec240000 - 0x00007ffcec267000 	C:\WINDOWS\SYSTEM32\ncrypt.dll
0x00007ffcec1a0000 - 0x00007ffcec1db000 	C:\WINDOWS\SYSTEM32\NTASN1.dll
0x000000006fd00000 - 0x000000006fd07000 	C:\Users\lll\.sbt\1.0\swoval-jni\2036523569604257237-swoval-files0.dll

dbghelp: loaded successfully - version: 4.0.5 - missing functions: none
symbol engine: initialized successfully - sym options: 0x614 - pdb path: .;C:\Program Files\Java\jdk-11.0.2\bin;C:\WINDOWS\SYSTEM32;C:\WINDOWS\WinSxS\amd64_microsoft.windows.common-controls_6595b64144ccf1df_6.0.19041.1052_none_60b8f8fd71f5e8cb;C:\Program Files\Java\jdk-11.0.2\bin\server;C:\Users\lll\AppData\Local\Temp;C:\Users\lll\.sbt\1.0\swoval-jni

VM Arguments:
jvm_args: -Xmx512M -XX:MaxPermSize=256m -XX:ReservedCodeCacheSize=128m -Dsbt.log.format=true 
java_command: xsbt.boot.Boot run
java_class_path (initial): D:\data\ITteamproject\ITSD-DT2021-Template\sbt-dist\bin\sbt-launch.jar
Launcher Type: SUN_STANDARD

[Global flags]
     intx CICompilerCount                          = 4                                         {product} {ergonomic}
     uint ConcGCThreads                            = 2                                         {product} {ergonomic}
     uint G1ConcRefinementThreads                  = 8                                         {product} {ergonomic}
   size_t G1HeapRegionSize                         = 1048576                                   {product} {ergonomic}
    uintx GCDrainStackTargetSize                   = 64                                        {product} {ergonomic}
   size_t InitialHeapSize                          = 132120576                                 {product} {ergonomic}
   size_t MarkStackSize                            = 4194304                                   {product} {ergonomic}
   size_t MaxHeapSize                              = 536870912                                 {product} {command line}
   size_t MaxNewSize                               = 321912832                                 {product} {ergonomic}
   size_t MinHeapDeltaBytes                        = 1048576                                   {product} {ergonomic}
    uintx NonProfiledCodeHeapSize                  = 0                                      {pd product} {ergonomic}
    uintx ProfiledCodeHeapSize                     = 0                                      {pd product} {ergonomic}
    uintx ReservedCodeCacheSize                    = 134217728                              {pd product} {command line}
     bool UseCompressedClassPointers               = true                                 {lp64_product} {ergonomic}
     bool UseCompressedOops                        = true                                 {lp64_product} {ergonomic}
     bool UseG1GC                                  = true                                      {product} {ergonomic}
     bool UseLargePagesIndividualAllocation        = false                                  {pd product} {ergonomic}

Logging:
Log output configuration:
 #0: stdout all=warning uptime,level,tags
 #1: stderr all=off uptime,level,tags

Environment Variables:
CLASSPATH=C:\Program Files\Java\jdk-13.0.1.;%JAVA_HOME%\lib\dt.jar;%JAVA_HOME%\lib\tools.jar;
PATH=C:\Program Files\Java\jdk-11.0.2\bin;C:\WINDOWS\system32;C:\WINDOWS;C:\WINDOWS\System32\Wbem;C:\WINDOWS\System32\WindowsPowerShell\v1.0\;C:\mysql-8.0.15-winx64\bin;C:\Program Files\Intel\WiFi\bin\;C:\Program Files\Common Files\Intel\WirelessCommon\;D:\New Folder\command;C:\WINDOWS\System32\OpenSSH\;C:\Program Files (x86)\NVIDIA Corporation\PhysX\Common;C:\Program Files\NVIDIA Corporation\NVIDIA NvDLISR;"D:\py3;D:\py3\Scripts";D:\py3;D:\py3\Scripts;C:\Program Files (x86)\Graphviz2.38\bin;C:\WINDOWS\System32\Wbem;C:\WINDOWS\system32;C:\WINDOWS;C:\WINDOWS\System32\WindowsPowerShell\v1.0\;C:\WINDOWS\System32\OpenSSH\;C:\Program Files\Git\cmd;C:\Users\lll\AppData\Local\Microsoft\WindowsApps;C:\Users\lll\AppData\Local\Programs\Microsoft VS Code\bin;D:\wind\bin\;C:\Program Files\Bandizip\;D:\PyCharm Community Edition 2019.3\bin;;%JAVA_HOME%\bin;%JAVA_HOME%\jre\bin;;C:\WINDOWS\System32\Wbem
USERNAME=lll
OS=Windows_NT
PROCESSOR_IDENTIFIER=Intel64 Family 6 Model 142 Stepping 11, GenuineIntel



---------------  S Y S T E M  ---------------

OS: Windows 10 , 64 bit Build 19041 (10.0.19041.1023)

CPU:total 8 (initial active 8) (4 cores per cpu, 2 threads per core) family 6 model 142 stepping 11, cmov, cx8, fxsr, mmx, sse, sse2, sse3, ssse3, sse4.1, sse4.2, popcnt, avx, avx2, aes, clmul, erms, 3dnowpref, lzcnt, ht, tsc, tscinvbit, bmi1, bmi2, adx, fma

Memory: 4k page, system-wide physical 8037M (569M free)
TotalPageFile size 32613M (AvailPageFile size 65M)
current process WorkingSet (physical memory assigned to process): 388M, peak: 458M
current process commit charge ("private bytes"): 512M, peak: 559M

vm_info: OpenJDK 64-Bit Server VM (11.0.2+9) for windows-amd64 JRE (11.0.2+9), built on Jan 18 2019 05:23:22 by "mach5one" with MS VC++ 15.5 (VS2017)

END.
